<?xml version="1.0" encoding="UTF-8"?>
<testsuite name="com.backend.Backend.BackendApplicationTests" tests="1" skipped="0" failures="0" errors="0" timestamp="2021-11-11T11:34:46" hostname="user" time="0.215">
  <properties/>
  <testcase name="contextLoads()" classname="com.backend.Backend.BackendApplicationTests" time="0.215"/>
  <system-out><![CDATA[12:34:40.223 [Test worker] DEBUG org.springframework.test.context.BootstrapUtils - Instantiating CacheAwareContextLoaderDelegate from class [org.springframework.test.context.cache.DefaultCacheAwareContextLoaderDelegate]
12:34:40.234 [Test worker] DEBUG org.springframework.test.context.BootstrapUtils - Instantiating BootstrapContext using constructor [public org.springframework.test.context.support.DefaultBootstrapContext(java.lang.Class,org.springframework.test.context.CacheAwareContextLoaderDelegate)]
12:34:40.268 [Test worker] DEBUG org.springframework.test.context.BootstrapUtils - Instantiating TestContextBootstrapper for test class [com.backend.Backend.BackendApplicationTests] from class [org.springframework.boot.test.context.SpringBootTestContextBootstrapper]
12:34:40.282 [Test worker] INFO org.springframework.boot.test.context.SpringBootTestContextBootstrapper - Neither @ContextConfiguration nor @ContextHierarchy found for test class [com.backend.Backend.BackendApplicationTests], using SpringBootContextLoader
12:34:40.286 [Test worker] DEBUG org.springframework.test.context.support.AbstractContextLoader - Did not detect default resource location for test class [com.backend.Backend.BackendApplicationTests]: class path resource [com/backend/Backend/BackendApplicationTests-context.xml] does not exist
12:34:40.287 [Test worker] DEBUG org.springframework.test.context.support.AbstractContextLoader - Did not detect default resource location for test class [com.backend.Backend.BackendApplicationTests]: class path resource [com/backend/Backend/BackendApplicationTestsContext.groovy] does not exist
12:34:40.287 [Test worker] INFO org.springframework.test.context.support.AbstractContextLoader - Could not detect default resource locations for test class [com.backend.Backend.BackendApplicationTests]: no resource found for suffixes {-context.xml, Context.groovy}.
12:34:40.288 [Test worker] INFO org.springframework.test.context.support.AnnotationConfigContextLoaderUtils - Could not detect default configuration classes for test class [com.backend.Backend.BackendApplicationTests]: BackendApplicationTests does not declare any static, non-private, non-final, nested classes annotated with @Configuration.
12:34:40.339 [Test worker] DEBUG org.springframework.test.context.support.ActiveProfilesUtils - Could not find an 'annotation declaring class' for annotation type [org.springframework.test.context.ActiveProfiles] and class [com.backend.Backend.BackendApplicationTests]
12:34:40.391 [Test worker] DEBUG org.springframework.context.annotation.ClassPathScanningCandidateComponentProvider - Identified candidate component class: file [/home/alejandro/Downloads/Backend/build/classes/java/main/com/backend/Backend/BackendApplication.class]
12:34:40.392 [Test worker] INFO org.springframework.boot.test.context.SpringBootTestContextBootstrapper - Found @SpringBootConfiguration com.backend.Backend.BackendApplication for test class com.backend.Backend.BackendApplicationTests
12:34:40.496 [Test worker] DEBUG org.springframework.boot.test.context.SpringBootTestContextBootstrapper - @TestExecutionListeners is not present for class [com.backend.Backend.BackendApplicationTests]: using defaults.
12:34:40.496 [Test worker] INFO org.springframework.boot.test.context.SpringBootTestContextBootstrapper - Loaded default TestExecutionListener class names from location [META-INF/spring.factories]: [org.springframework.boot.test.autoconfigure.restdocs.RestDocsTestExecutionListener, org.springframework.boot.test.autoconfigure.web.client.MockRestServiceServerResetTestExecutionListener, org.springframework.boot.test.autoconfigure.web.servlet.MockMvcPrintOnlyOnFailureTestExecutionListener, org.springframework.boot.test.autoconfigure.web.servlet.WebDriverTestExecutionListener, org.springframework.boot.test.autoconfigure.webservices.client.MockWebServiceServerTestExecutionListener, org.springframework.boot.test.mock.mockito.MockitoTestExecutionListener, org.springframework.boot.test.mock.mockito.ResetMocksTestExecutionListener, org.springframework.test.context.web.ServletTestExecutionListener, org.springframework.test.context.support.DirtiesContextBeforeModesTestExecutionListener, org.springframework.test.context.event.ApplicationEventsTestExecutionListener, org.springframework.test.context.support.DependencyInjectionTestExecutionListener, org.springframework.test.context.support.DirtiesContextTestExecutionListener, org.springframework.test.context.transaction.TransactionalTestExecutionListener, org.springframework.test.context.jdbc.SqlScriptsTestExecutionListener, org.springframework.test.context.event.EventPublishingTestExecutionListener]
12:34:40.512 [Test worker] INFO org.springframework.boot.test.context.SpringBootTestContextBootstrapper - Using TestExecutionListeners: [org.springframework.test.context.web.ServletTestExecutionListener@41beb473, org.springframework.test.context.support.DirtiesContextBeforeModesTestExecutionListener@560513ce, org.springframework.test.context.event.ApplicationEventsTestExecutionListener@13006998, org.springframework.boot.test.mock.mockito.MockitoTestExecutionListener@37fbe4a8, org.springframework.boot.test.autoconfigure.SpringBootDependencyInjectionTestExecutionListener@352c308, org.springframework.test.context.support.DirtiesContextTestExecutionListener@7d373bcf, org.springframework.test.context.transaction.TransactionalTestExecutionListener@6d6bc158, org.springframework.test.context.jdbc.SqlScriptsTestExecutionListener@5dda6f9, org.springframework.test.context.event.EventPublishingTestExecutionListener@10027fc9, org.springframework.boot.test.autoconfigure.restdocs.RestDocsTestExecutionListener@54afd745, org.springframework.boot.test.autoconfigure.web.client.MockRestServiceServerResetTestExecutionListener@677dbd89, org.springframework.boot.test.autoconfigure.web.servlet.MockMvcPrintOnlyOnFailureTestExecutionListener@fff25f1, org.springframework.boot.test.autoconfigure.web.servlet.WebDriverTestExecutionListener@c00fff0, org.springframework.boot.test.autoconfigure.webservices.client.MockWebServiceServerTestExecutionListener@263f04ca, org.springframework.boot.test.mock.mockito.ResetMocksTestExecutionListener@2ca47471]
12:34:40.515 [Test worker] DEBUG org.springframework.test.context.support.AbstractDirtiesContextTestExecutionListener - Before test class: context [DefaultTestContext@2ca65ce4 testClass = BackendApplicationTests, testInstance = [null], testMethod = [null], testException = [null], mergedContextConfiguration = [WebMergedContextConfiguration@327120c8 testClass = BackendApplicationTests, locations = '{}', classes = '{class com.backend.Backend.BackendApplication}', contextInitializerClasses = '[]', activeProfiles = '{}', propertySourceLocations = '{}', propertySourceProperties = '{org.springframework.boot.test.context.SpringBootTestContextBootstrapper=true}', contextCustomizers = set[org.springframework.boot.test.autoconfigure.actuate.metrics.MetricsExportContextCustomizerFactory$DisableMetricExportContextCustomizer@315f43d5, org.springframework.boot.test.autoconfigure.properties.PropertyMappingContextCustomizer@0, org.springframework.boot.test.autoconfigure.web.servlet.WebDriverContextCustomizerFactory$Customizer@38f116f6, org.springframework.boot.test.context.filter.ExcludeFilterContextCustomizer@85e6769, org.springframework.boot.test.json.DuplicateJsonObjectContextCustomizerFactory$DuplicateJsonObjectContextCustomizer@bf1ec20, org.springframework.boot.test.mock.mockito.MockitoContextCustomizer@0, org.springframework.boot.test.web.client.TestRestTemplateContextCustomizer@5c8504fd, org.springframework.boot.test.context.SpringBootTestArgs@1, org.springframework.boot.test.context.SpringBootTestWebEnvironment@2d29b4ee], resourceBasePath = 'src/main/webapp', contextLoader = 'org.springframework.boot.test.context.SpringBootContextLoader', parent = [null]], attributes = map['org.springframework.test.context.web.ServletTestExecutionListener.activateListener' -> true]], class annotated with @DirtiesContext [false] with mode [null].
12:34:40.560 [Test worker] DEBUG org.springframework.test.context.support.TestPropertySourceUtils - Adding inlined properties to environment: {spring.jmx.enabled=false, org.springframework.boot.test.context.SpringBootTestContextBootstrapper=true}

  .   ____          _            __ _ _
 /\\ / ___'_ __ _ _(_)_ __  __ _ \ \ \ \
( ( )\___ | '_ | '_| | '_ \/ _` | \ \ \ \
 \\/  ___)| |_)| | | | | || (_| |  ) ) ) )
  '  |____| .__|_| |_|_| |_\__, | / / / /
 =========|_|==============|___/=/_/_/_/
 :: Spring Boot ::                (v2.5.6)

2021-11-11 12:34:40.988  INFO 21358 --- [    Test worker] c.b.Backend.BackendApplicationTests      : Starting BackendApplicationTests using Java 11.0.11 on user with PID 21358 (started by alejandro in /home/alejandro/Downloads/Backend)
2021-11-11 12:34:40.993  INFO 21358 --- [    Test worker] c.b.Backend.BackendApplicationTests      : No active profile set, falling back to default profiles: default
2021-11-11 12:34:41.748  INFO 21358 --- [    Test worker] .s.d.r.c.RepositoryConfigurationDelegate : Bootstrapping Spring Data JPA repositories in DEFAULT mode.
2021-11-11 12:34:41.761  INFO 21358 --- [    Test worker] .s.d.r.c.RepositoryConfigurationDelegate : Finished Spring Data repository scanning in 6 ms. Found 0 JPA repository interfaces.
2021-11-11 12:34:42.239  INFO 21358 --- [    Test worker] com.zaxxer.hikari.HikariDataSource       : HikariPool-1 - Starting...
2021-11-11 12:34:43.646  INFO 21358 --- [    Test worker] com.zaxxer.hikari.HikariDataSource       : HikariPool-1 - Start completed.
2021-11-11 12:34:43.884  INFO 21358 --- [    Test worker] o.hibernate.jpa.internal.util.LogHelper  : HHH000204: Processing PersistenceUnitInfo [name: default]
2021-11-11 12:34:43.929  INFO 21358 --- [    Test worker] org.hibernate.Version                    : HHH000412: Hibernate ORM core version 5.4.32.Final
2021-11-11 12:34:44.071  INFO 21358 --- [    Test worker] o.hibernate.annotations.common.Version   : HCANN000001: Hibernate Commons Annotations {5.1.2.Final}
2021-11-11 12:34:44.279  INFO 21358 --- [    Test worker] org.hibernate.dialect.Dialect            : HHH000400: Using dialect: org.hibernate.dialect.PostgreSQL10Dialect
2021-11-11 12:34:45.461  INFO 21358 --- [    Test worker] o.h.e.t.j.p.i.JtaPlatformInitiator       : HHH000490: Using JtaPlatform implementation: [org.hibernate.engine.transaction.jta.platform.internal.NoJtaPlatform]
2021-11-11 12:34:45.472  INFO 21358 --- [    Test worker] j.LocalContainerEntityManagerFactoryBean : Initialized JPA EntityManagerFactory for persistence unit 'default'
2021-11-11 12:34:45.720  WARN 21358 --- [    Test worker] JpaBaseConfiguration$JpaWebConfiguration : spring.jpa.open-in-view is enabled by default. Therefore, database queries may be performed during view rendering. Explicitly configure spring.jpa.open-in-view to disable this warning
2021-11-11 12:34:46.834  INFO 21358 --- [    Test worker] c.b.Backend.BackendApplicationTests      : Started BackendApplicationTests in 6.251 seconds (JVM running for 7.468)
]]></system-out>
  <system-err><![CDATA[]]></system-err>
</testsuite>
